<?xml version="1.0" encoding="UTF-8"?>
<testng-results ignored="0" total="4" passed="4" failed="0" skipped="0">
  <reporter-output>
  </reporter-output>
  <suite started-at="2025-01-01T22:24:25 IST" name="Default suite" finished-at="2025-01-01T22:26:24 IST" duration-ms="118956">
    <groups>
      <group name="cucumber">
        <method signature="AbstractTestNGCucumberTests.runScenario(io.cucumber.testng.PickleWrapper,io.cucumber.testng.FeatureWrapper)[pri:0, instance:TestRunner.RunnerFile@11fc564b]" name="runScenario" class="io.cucumber.testng.AbstractTestNGCucumberTests"/>
      </group> <!-- cucumber -->
    </groups>
    <test started-at="2025-01-01T22:24:25 IST" name="Default test" finished-at="2025-01-01T22:26:24 IST" duration-ms="118956">
      <class name="TestRunner.RunnerFile">
        <test-method is-config="true" signature="setUpClass(org.testng.ITestContext)[pri:0, instance:TestRunner.RunnerFile@11fc564b]" started-at="2025-01-01T22:24:25 IST" name="setUpClass" finished-at="2025-01-01T22:24:27 IST" duration-ms="1973" status="PASS">
          <params>
            <param index="0">
              <value>
                <![CDATA[org.testng.TestRunner@5b066c33]]>
              </value>
            </param>
          </params>
          <reporter-output>
          </reporter-output>
        </test-method> <!-- setUpClass -->
        <test-method signature="runScenario(io.cucumber.testng.PickleWrapper,io.cucumber.testng.FeatureWrapper)[pri:0, instance:TestRunner.RunnerFile@11fc564b]" started-at="2025-01-01T22:24:27 IST" name="runScenario" description="Runs Cucumber Scenarios" data-provider="scenarios" finished-at="2025-01-01T22:24:40 IST" duration-ms="13025" status="PASS">
          <params>
            <param index="0">
              <value>
                <![CDATA["Validate Login credentials and click -submit button"]]>
              </value>
            </param>
            <param index="1">
              <value>
                <![CDATA["FaceBook Application Login page"]]>
              </value>
            </param>
          </params>
          <reporter-output>
          </reporter-output>
        </test-method> <!-- runScenario -->
        <test-method signature="runScenario(io.cucumber.testng.PickleWrapper,io.cucumber.testng.FeatureWrapper)[pri:0, instance:TestRunner.RunnerFile@11fc564b]" started-at="2025-01-01T22:24:40 IST" name="runScenario" description="Runs Cucumber Scenarios" data-provider="scenarios" finished-at="2025-01-01T22:25:54 IST" duration-ms="73206" status="PASS">
          <params>
            <param index="0">
              <value>
                <![CDATA["Validating login testcase with multiple test case"]]>
              </value>
            </param>
            <param index="1">
              <value>
                <![CDATA["Login Feature"]]>
              </value>
            </param>
          </params>
          <reporter-output>
          </reporter-output>
        </test-method> <!-- runScenario -->
        <test-method signature="runScenario(io.cucumber.testng.PickleWrapper,io.cucumber.testng.FeatureWrapper)[pri:0, instance:TestRunner.RunnerFile@11fc564b]" started-at="2025-01-01T22:25:54 IST" name="runScenario" description="Runs Cucumber Scenarios" data-provider="scenarios" finished-at="2025-01-01T22:26:09 IST" duration-ms="15053" status="PASS">
          <params>
            <param index="0">
              <value>
                <![CDATA["Validating login testcase with multiple test case"]]>
              </value>
            </param>
            <param index="1">
              <value>
                <![CDATA["Login Feature"]]>
              </value>
            </param>
          </params>
          <reporter-output>
          </reporter-output>
        </test-method> <!-- runScenario -->
        <test-method signature="runScenario(io.cucumber.testng.PickleWrapper,io.cucumber.testng.FeatureWrapper)[pri:0, instance:TestRunner.RunnerFile@11fc564b]" started-at="2025-01-01T22:26:09 IST" name="runScenario" description="Runs Cucumber Scenarios" data-provider="scenarios" finished-at="2025-01-01T22:26:23 IST" duration-ms="14269" status="PASS">
          <params>
            <param index="0">
              <value>
                <![CDATA["Validating login testcase with multiple test case"]]>
              </value>
            </param>
            <param index="1">
              <value>
                <![CDATA["Login Feature"]]>
              </value>
            </param>
          </params>
          <reporter-output>
          </reporter-output>
        </test-method> <!-- runScenario -->
        <test-method is-config="true" signature="tearDownClass()[pri:0, instance:TestRunner.RunnerFile@11fc564b]" started-at="2025-01-01T22:26:23 IST" name="tearDownClass" finished-at="2025-01-01T22:26:24 IST" duration-ms="1286" status="PASS">
          <reporter-output>
          </reporter-output>
        </test-method> <!-- tearDownClass -->
      </class> <!-- TestRunner.RunnerFile -->
    </test> <!-- Default test -->
  </suite> <!-- Default suite -->
</testng-results>
